  main.cpp
d:\programming\c++\git\weekendrenderer\weekendtracer\weekendtracer\vec3.h(96): warning C4244: 'initializing': conversion from 'double' to 'float', possible loss of data
d:\programming\c++\git\weekendrenderer\weekendtracer\weekendtracer\vec3.h(104): warning C4244: 'initializing': conversion from 'double' to 'float', possible loss of data
d:\programming\c++\git\weekendrenderer\weekendtracer\weekendtracer\vec3.h(165): warning C4244: 'initializing': conversion from 'double' to 'float', possible loss of data
d:\programming\c++\git\weekendrenderer\weekendtracer\weekendtracer\hitable_list.h(18): warning C4244: 'argument': conversion from 'double' to 'float', possible loss of data
d:\programming\c++\git\weekendrenderer\weekendtracer\weekendtracer\camera.h(4): warning C4305: 'initializing': truncation from 'double' to 'float'
d:\programming\c++\git\weekendrenderer\weekendtracer\weekendtracer\material.h(54): warning C4244: '=': conversion from 'double' to 'float', possible loss of data
d:\programming\c++\git\weekendrenderer\weekendtracer\weekendtracer\main.cpp(26): warning C4244: 'initializing': conversion from 'double' to 'float', possible loss of data
d:\programming\c++\git\weekendrenderer\weekendtracer\weekendtracer\main.cpp(27): warning C4244: 'argument': conversion from 'double' to 'float', possible loss of data
d:\programming\c++\git\weekendrenderer\weekendtracer\weekendtracer\main.cpp(27): warning C4305: 'argument': truncation from 'double' to 'float'
d:\programming\c++\git\weekendrenderer\weekendtracer\weekendtracer\main.cpp(40): warning C4244: 'argument': conversion from 'double' to 'float', possible loss of data
d:\programming\c++\git\weekendrenderer\weekendtracer\weekendtracer\main.cpp(40): warning C4305: 'argument': truncation from 'double' to 'float'
d:\programming\c++\git\weekendrenderer\weekendtracer\weekendtracer\main.cpp(41): warning C4305: 'argument': truncation from 'double' to 'float'
d:\programming\c++\git\weekendrenderer\weekendtracer\weekendtracer\main.cpp(43): warning C4305: 'argument': truncation from 'double' to 'float'
d:\programming\c++\git\weekendrenderer\weekendtracer\weekendtracer\main.cpp(47): warning C4244: 'argument': conversion from 'double' to 'float', possible loss of data
d:\programming\c++\git\weekendrenderer\weekendtracer\weekendtracer\main.cpp(47): warning C4305: 'argument': truncation from 'double' to 'float'
d:\programming\c++\git\weekendrenderer\weekendtracer\weekendtracer\main.cpp(50): warning C4305: 'argument': truncation from 'double' to 'float'
d:\programming\c++\git\weekendrenderer\weekendtracer\weekendtracer\main.cpp(56): warning C4305: 'argument': truncation from 'double' to 'float'
d:\programming\c++\git\weekendrenderer\weekendtracer\weekendtracer\main.cpp(57): warning C4305: 'argument': truncation from 'double' to 'float'
d:\programming\c++\git\weekendrenderer\weekendtracer\weekendtracer\main.cpp(75): warning C4305: 'argument': truncation from 'double' to 'float'
d:\programming\c++\git\weekendrenderer\weekendtracer\weekendtracer\main.cpp(76): warning C4305: 'argument': truncation from 'double' to 'float'
d:\programming\c++\git\weekendrenderer\weekendtracer\weekendtracer\main.cpp(118): warning C4305: 'initializing': truncation from 'double' to 'float'
  weekendtracer.vcxproj -> D:\Programming\C++\Git\weekendrenderer\weekendtracer\Debug\weekendtracer.exe
  weekendtracer.vcxproj -> D:\Programming\C++\Git\weekendrenderer\weekendtracer\Debug\weekendtracer.pdb (Partial PDB)
